{"/Users/schachte/Desktop/CLEAN/Classes/AMEX/Recruiting-Server/index.js":{"path":"/Users/schachte/Desktop/CLEAN/Classes/AMEX/Recruiting-Server/index.js","s":{"1":1,"2":1,"3":1,"4":1,"5":1,"6":1,"7":1,"8":1,"9":1,"10":1,"11":1,"12":1,"13":1,"14":1,"15":1,"16":1},"b":{"1":[1,0],"2":[1,0],"3":[1,0]},"f":{"1":1},"fnMap":{"1":{"name":"(anonymous_1)","line":19,"loc":{"start":{"line":19,"column":40},"end":{"line":19,"column":56}}}},"statementMap":{"1":{"start":{"line":1,"column":0},"end":{"line":1,"column":32}},"2":{"start":{"line":2,"column":0},"end":{"line":2,"column":26}},"3":{"start":{"line":3,"column":0},"end":{"line":3,"column":19}},"4":{"start":{"line":4,"column":0},"end":{"line":4,"column":22}},"5":{"start":{"line":5,"column":0},"end":{"line":5,"column":39}},"6":{"start":{"line":6,"column":0},"end":{"line":6,"column":26}},"7":{"start":{"line":9,"column":0},"end":{"line":9,"column":50}},"8":{"start":{"line":10,"column":0},"end":{"line":10,"column":55}},"9":{"start":{"line":12,"column":0},"end":{"line":12,"column":55}},"10":{"start":{"line":13,"column":0},"end":{"line":15,"column":3}},"11":{"start":{"line":16,"column":0},"end":{"line":16,"column":26}},"12":{"start":{"line":19,"column":0},"end":{"line":24,"column":2}},"13":{"start":{"line":20,"column":2},"end":{"line":23,"column":3}},"14":{"start":{"line":21,"column":4},"end":{"line":21,"column":48}},"15":{"start":{"line":22,"column":4},"end":{"line":22,"column":25}},"16":{"start":{"line":26,"column":0},"end":{"line":26,"column":56}}},"branchMap":{"1":{"line":9,"type":"binary-expr","locations":[{"start":{"line":9,"column":19},"end":{"line":9,"column":41}},{"start":{"line":9,"column":45},"end":{"line":9,"column":49}}]},"2":{"line":10,"type":"binary-expr","locations":[{"start":{"line":10,"column":19},"end":{"line":10,"column":39}},{"start":{"line":10,"column":43},"end":{"line":10,"column":54}}]},"3":{"line":20,"type":"if","locations":[{"start":{"line":20,"column":2},"end":{"line":20,"column":2}},{"start":{"line":20,"column":2},"end":{"line":20,"column":2}}]}}},"/Users/schachte/Desktop/CLEAN/Classes/AMEX/Recruiting-Server/controllers/schools.js":{"path":"/Users/schachte/Desktop/CLEAN/Classes/AMEX/Recruiting-Server/controllers/schools.js","s":{"1":1,"2":1,"3":1,"4":1,"5":1,"6":1,"7":1,"8":0,"9":0,"10":0,"11":0,"12":0,"13":0,"14":0,"15":0,"16":1,"17":0,"18":0,"19":0,"20":0,"21":0,"22":0},"b":{"1":[0,0],"2":[0,0],"3":[0,0]},"f":{"1":1,"2":0,"3":0,"4":0,"5":0,"6":0,"7":0,"8":0,"9":0},"fnMap":{"1":{"name":"(anonymous_1)","line":9,"loc":{"start":{"line":9,"column":28},"end":{"line":9,"column":43}}},"2":{"name":"(anonymous_2)","line":13,"loc":{"start":{"line":13,"column":25},"end":{"line":13,"column":45}}},"3":{"name":"(anonymous_3)","line":15,"loc":{"start":{"line":15,"column":6},"end":{"line":15,"column":26}}},"4":{"name":"(anonymous_4)","line":16,"loc":{"start":{"line":16,"column":51},"end":{"line":16,"column":80}}},"5":{"name":"(anonymous_5)","line":25,"loc":{"start":{"line":25,"column":7},"end":{"line":25,"column":53}}},"6":{"name":"(anonymous_6)","line":39,"loc":{"start":{"line":39,"column":26},"end":{"line":39,"column":46}}},"7":{"name":"(anonymous_7)","line":41,"loc":{"start":{"line":41,"column":6},"end":{"line":41,"column":26}}},"8":{"name":"(anonymous_8)","line":45,"loc":{"start":{"line":45,"column":7},"end":{"line":45,"column":49}}},"9":{"name":"(anonymous_9)","line":46,"loc":{"start":{"line":46,"column":29},"end":{"line":46,"column":44}}}},"statementMap":{"1":{"start":{"line":1,"column":0},"end":{"line":1,"column":34}},"2":{"start":{"line":2,"column":0},"end":{"line":2,"column":42}},"3":{"start":{"line":3,"column":0},"end":{"line":3,"column":46}},"4":{"start":{"line":4,"column":0},"end":{"line":4,"column":48}},"5":{"start":{"line":7,"column":0},"end":{"line":7,"column":56}},"6":{"start":{"line":9,"column":0},"end":{"line":55,"column":1}},"7":{"start":{"line":13,"column":2},"end":{"line":34,"column":4}},"8":{"start":{"line":14,"column":4},"end":{"line":33,"column":6}},"9":{"start":{"line":16,"column":8},"end":{"line":23,"column":10}},"10":{"start":{"line":17,"column":10},"end":{"line":21,"column":11}},"11":{"start":{"line":18,"column":12},"end":{"line":20,"column":24}},"12":{"start":{"line":22,"column":10},"end":{"line":22,"column":46}},"13":{"start":{"line":26,"column":6},"end":{"line":30,"column":7}},"14":{"start":{"line":27,"column":8},"end":{"line":29,"column":20}},"15":{"start":{"line":32,"column":6},"end":{"line":32,"column":37}},"16":{"start":{"line":39,"column":2},"end":{"line":54,"column":4}},"17":{"start":{"line":40,"column":4},"end":{"line":53,"column":6}},"18":{"start":{"line":42,"column":8},"end":{"line":42,"column":176}},"19":{"start":{"line":43,"column":8},"end":{"line":43,"column":49}},"20":{"start":{"line":46,"column":6},"end":{"line":52,"column":8}},"21":{"start":{"line":47,"column":8},"end":{"line":51,"column":9}},"22":{"start":{"line":48,"column":10},"end":{"line":50,"column":34}}},"branchMap":{"1":{"line":17,"type":"if","locations":[{"start":{"line":17,"column":10},"end":{"line":17,"column":10}},{"start":{"line":17,"column":10},"end":{"line":17,"column":10}}]},"2":{"line":26,"type":"if","locations":[{"start":{"line":26,"column":6},"end":{"line":26,"column":6}},{"start":{"line":26,"column":6},"end":{"line":26,"column":6}}]},"3":{"line":47,"type":"if","locations":[{"start":{"line":47,"column":8},"end":{"line":47,"column":8}},{"start":{"line":47,"column":8},"end":{"line":47,"column":8}}]}}},"/Users/schachte/Desktop/CLEAN/Classes/AMEX/Recruiting-Server/models/school.js":{"path":"/Users/schachte/Desktop/CLEAN/Classes/AMEX/Recruiting-Server/models/school.js","s":{"1":1,"2":1,"3":1,"4":1},"b":{},"f":{},"fnMap":{},"statementMap":{"1":{"start":{"line":1,"column":0},"end":{"line":1,"column":34}},"2":{"start":{"line":2,"column":0},"end":{"line":2,"column":28}},"3":{"start":{"line":5,"column":0},"end":{"line":9,"column":30}},"4":{"start":{"line":12,"column":0},"end":{"line":12,"column":63}}},"branchMap":{}},"/Users/schachte/Desktop/CLEAN/Classes/AMEX/Recruiting-Server/config/modules.js":{"path":"/Users/schachte/Desktop/CLEAN/Classes/AMEX/Recruiting-Server/config/modules.js","s":{"1":1,"2":1,"3":1,"4":1},"b":{},"f":{},"fnMap":{},"statementMap":{"1":{"start":{"line":1,"column":0},"end":{"line":1,"column":45}},"2":{"start":{"line":2,"column":0},"end":{"line":2,"column":34}},"3":{"start":{"line":3,"column":0},"end":{"line":3,"column":234}},"4":{"start":{"line":5,"column":0},"end":{"line":9,"column":1}}},"branchMap":{}}}